# JRE version: OpenJDK Runtime Environment (7.0_79-b14) (build 1.7.0_79-b14)
# Java VM: OpenJDK 64-Bit Server VM (24.79-b02 mixed mode linux-amd64 compressed oops)
Heap
 PSYoungGen      total 145408K, used 6613K [0x00000000eaa80000, 0x00000000f5780000, 0x0000000100000000)
  eden space 129024K, 0% used [0x00000000eaa80000,0x00000000eaa80000,0x00000000f2880000)
  from space 16384K, 40% used [0x00000000f2a80000,0x00000000f30f5438,0x00000000f3a80000)
  to   space 24064K, 0% used [0x00000000f4000000,0x00000000f4000000,0x00000000f5780000)
 ParOldGen       total 47104K, used 46665K [0x00000000c0000000, 0x00000000c2e00000, 0x00000000eaa80000)
  object space 47104K, 99% used [0x00000000c0000000,0x00000000c2d924a0,0x00000000c2e00000)
 PSPermGen       total 21504K, used 6238K [0x00000000b5a00000, 0x00000000b6f00000, 0x00000000c0000000)
  object space 21504K, 29% used [0x00000000b5a00000,0x00000000b6017998,0x00000000b6f00000)
GC Heap History (10 events):
Event: 8.771 GC heap after
Heap after GC invocations=6 (full 0):
 PSYoungGen      total 74752K, used 6126K [0x00000000eaa80000, 0x00000000efc80000, 0x0000000100000000)
  eden space 68608K, 0% used [0x00000000eaa80000,0x00000000eaa80000,0x00000000eed80000)
  from space 6144K, 99% used [0x00000000ef480000,0x00000000efa7ba70,0x00000000efa80000)
  to   space 7168K, 0% used [0x00000000eed80000,0x00000000eed80000,0x00000000ef480000)
 ParOldGen       total 20992K, used 14652K [0x00000000c0000000, 0x00000000c1480000, 0x00000000eaa80000)
  object space 20992K, 69% used [0x00000000c0000000,0x00000000c0e4f098,0x00000000c1480000)
 PSPermGen       total 21504K, used 6124K [0x00000000b5a00000, 0x00000000b6f00000, 0x00000000c0000000)
  object space 21504K, 28% used [0x00000000b5a00000,0x00000000b5ffb048,0x00000000b6f00000)
}
Event: 13.064 GC heap before
{Heap before GC invocations=7 (full 0):
 PSYoungGen      total 74752K, used 74734K [0x00000000eaa80000, 0x00000000efc80000, 0x0000000100000000)
  eden space 68608K, 100% used [0x00000000eaa80000,0x00000000eed80000,0x00000000eed80000)
  from space 6144K, 99% used [0x00000000ef480000,0x00000000efa7ba70,0x00000000efa80000)
  to   space 7168K, 0% used [0x00000000eed80000,0x00000000eed80000,0x00000000ef480000)
 ParOldGen       total 20992K, used 14652K [0x00000000c0000000, 0x00000000c1480000, 0x00000000eaa80000)
  object space 20992K, 69% used [0x00000000c0000000,0x00000000c0e4f098,0x00000000c1480000)
 PSPermGen       total 21504K, used 6157K [0x00000000b5a00000, 0x00000000b6f00000, 0x00000000c0000000)
  object space 21504K, 28% used [0x00000000b5a00000,0x00000000b6003658,0x00000000b6f00000)
Event: 13.612 GC heap after
Heap after GC invocations=7 (full 0):
 PSYoungGen      total 75776K, used 7153K [0x00000000eaa80000, 0x00000000f4a80000, 0x0000000100000000)
  eden space 68608K, 0% used [0x00000000eaa80000,0x00000000eaa80000,0x00000000eed80000)
  from space 7168K, 99% used [0x00000000eed80000,0x00000000ef47c670,0x00000000ef480000)
  to   space 13312K, 0% used [0x00000000f3d80000,0x00000000f3d80000,0x00000000f4a80000)
 ParOldGen       total 25088K, used 24656K [0x00000000c0000000, 0x00000000c1880000, 0x00000000eaa80000)
  object space 25088K, 98% used [0x00000000c0000000,0x00000000c18142e0,0x00000000c1880000)
 PSPermGen       total 21504K, used 6157K [0x00000000b5a00000, 0x00000000b6f00000, 0x00000000c0000000)
  object space 21504K, 28% used [0x00000000b5a00000,0x00000000b6003658,0x00000000b6f00000)
}
Event: 13.612 GC heap before
{Heap before GC invocations=8 (full 1):
 PSYoungGen      total 75776K, used 7153K [0x00000000eaa80000, 0x00000000f4a80000, 0x0000000100000000)
  eden space 68608K, 0% used [0x00000000eaa80000,0x00000000eaa80000,0x00000000eed80000)
  from space 7168K, 99% used [0x00000000eed80000,0x00000000ef47c670,0x00000000ef480000)
  to   space 13312K, 0% used [0x00000000f3d80000,0x00000000f3d80000,0x00000000f4a80000)
 ParOldGen       total 25088K, used 24656K [0x00000000c0000000, 0x00000000c1880000, 0x00000000eaa80000)
  object space 25088K, 98% used [0x00000000c0000000,0x00000000c18142e0,0x00000000c1880000)
 PSPermGen       total 21504K, used 6157K [0x00000000b5a00000, 0x00000000b6f00000, 0x00000000c0000000)
  object space 21504K, 28% used [0x00000000b5a00000,0x00000000b6003658,0x00000000b6f00000)
Event: 14.885 GC heap after
Heap after GC invocations=8 (full 1):
 PSYoungGen      total 75776K, used 3558K [0x00000000eaa80000, 0x00000000f4a80000, 0x0000000100000000)
  eden space 68608K, 0% used [0x00000000eaa80000,0x00000000eaa80000,0x00000000eed80000)
  from space 7168K, 49% used [0x00000000eed80000,0x00000000ef0f9bf8,0x00000000ef480000)
  to   space 13312K, 0% used [0x00000000f3d80000,0x00000000f3d80000,0x00000000f4a80000)
 ParOldGen       total 47104K, used 24578K [0x00000000c0000000, 0x00000000c2e00000, 0x00000000eaa80000)
  object space 47104K, 52% used [0x00000000c0000000,0x00000000c1800998,0x00000000c2e00000)
 PSPermGen       total 21504K, used 6155K [0x00000000b5a00000, 0x00000000b6f00000, 0x00000000c0000000)
  object space 21504K, 28% used [0x00000000b5a00000,0x00000000b6002ca8,0x00000000b6f00000)
}
Event: 18.126 GC heap before
{Heap before GC invocations=9 (full 1):
 PSYoungGen      total 75776K, used 72166K [0x00000000eaa80000, 0x00000000f4a80000, 0x0000000100000000)
  eden space 68608K, 100% used [0x00000000eaa80000,0x00000000eed80000,0x00000000eed80000)
  from space 7168K, 49% used [0x00000000eed80000,0x00000000ef0f9bf8,0x00000000ef480000)
  to   space 13312K, 0% used [0x00000000f3d80000,0x00000000f3d80000,0x00000000f4a80000)
 ParOldGen       total 47104K, used 24578K [0x00000000c0000000, 0x00000000c2e00000, 0x00000000eaa80000)
  object space 47104K, 52% used [0x00000000c0000000,0x00000000c1800998,0x00000000c2e00000)
 PSPermGen       total 21504K, used 6175K [0x00000000b5a00000, 0x00000000b6f00000, 0x00000000c0000000)
  object space 21504K, 28% used [0x00000000b5a00000,0x00000000b6007f08,0x00000000b6f00000)
Event: 18.488 GC heap after
Heap after GC invocations=9 (full 1):
 PSYoungGen      total 112128K, used 13293K [0x00000000eaa80000, 0x00000000f4a80000, 0x0000000100000000)
  eden space 98816K, 0% used [0x00000000eaa80000,0x00000000eaa80000,0x00000000f0b00000)
  from space 13312K, 99% used [0x00000000f3d80000,0x00000000f4a7b720,0x00000000f4a80000)
  to   space 16384K, 0% used [0x00000000f2a80000,0x00000000f2a80000,0x00000000f3a80000)
 ParOldGen       total 47104K, used 26244K [0x00000000c0000000, 0x00000000c2e00000, 0x00000000eaa80000)
  object space 47104K, 55% used [0x00000000c0000000,0x00000000c19a10c8,0x00000000c2e00000)
 PSPermGen       total 21504K, used 6175K [0x00000000b5a00000, 0x00000000b6f00000, 0x00000000c0000000)
  object space 21504K, 28% used [0x00000000b5a00000,0x00000000b6007f08,0x00000000b6f00000)
}
Event: 21.791 GC heap before
{Heap before GC invocations=10 (full 1):
 PSYoungGen      total 112128K, used 112109K [0x00000000eaa80000, 0x00000000f4a80000, 0x0000000100000000)
  eden space 98816K, 100% used [0x00000000eaa80000,0x00000000f0b00000,0x00000000f0b00000)
  from space 13312K, 99% used [0x00000000f3d80000,0x00000000f4a7b720,0x00000000f4a80000)
  to   space 16384K, 0% used [0x00000000f2a80000,0x00000000f2a80000,0x00000000f3a80000)
 ParOldGen       total 47104K, used 26244K [0x00000000c0000000, 0x00000000c2e00000, 0x00000000eaa80000)
  object space 47104K, 55% used [0x00000000c0000000,0x00000000c19a10c8,0x00000000c2e00000)
 PSPermGen       total 21504K, used 6239K [0x00000000b5a00000, 0x00000000b6f00000, 0x00000000c0000000)
  object space 21504K, 29% used [0x00000000b5a00000,0x00000000b6017d38,0x00000000b6f00000)
Event: 22.353 GC heap after
Heap after GC invocations=10 (full 1):
 PSYoungGen      total 145408K, used 16366K [0x00000000eaa80000, 0x00000000f5780000, 0x0000000100000000)
  eden space 129024K, 0% used [0x00000000eaa80000,0x00000000eaa80000,0x00000000f2880000)
  from space 16384K, 99% used [0x00000000f2a80000,0x00000000f3a7b808,0x00000000f3a80000)
  to   space 24064K, 0% used [0x00000000f4000000,0x00000000f4000000,0x00000000f5780000)
 ParOldGen       total 47104K, used 38274K [0x00000000c0000000, 0x00000000c2e00000, 0x00000000eaa80000)
  object space 47104K, 81% used [0x00000000c0000000,0x00000000c2560bd8,0x00000000c2e00000)
 PSPermGen       total 21504K, used 6239K [0x00000000b5a00000, 0x00000000b6f00000, 0x00000000c0000000)
  object space 21504K, 29% used [0x00000000b5a00000,0x00000000b6017d38,0x00000000b6f00000)
}
Event: 22.401 GC heap before
{Heap before GC invocations=11 (full 2):
 PSYoungGen      total 145408K, used 16366K [0x00000000eaa80000, 0x00000000f5780000, 0x0000000100000000)
  eden space 129024K, 0% used [0x00000000eaa80000,0x00000000eaa80000,0x00000000f2880000)
  from space 16384K, 99% used [0x00000000f2a80000,0x00000000f3a7b808,0x00000000f3a80000)
  to   space 24064K, 0% used [0x00000000f4000000,0x00000000f4000000,0x00000000f5780000)
 ParOldGen       total 47104K, used 38274K [0x00000000c0000000, 0x00000000c2e00000, 0x00000000eaa80000)
  object space 47104K, 81% used [0x00000000c0000000,0x00000000c2560bd8,0x00000000c2e00000)
 PSPermGen       total 21504K, used 6239K [0x00000000b5a00000, 0x00000000b6f00000, 0x00000000c0000000)
  object space 21504K, 29% used [0x00000000b5a00000,0x00000000b6017d38,0x00000000b6f00000)

